<?xml version="1.0" encoding="UTF-8"?>
<!-- Generated by org.testng.reporters.JUnitReportReporter -->
<testsuite hostname="LAPTOP-44Q8L2A1" failures="0" tests="1" name="TestCompra.TestCompra" time="0.001" errors="0" timestamp="10 Aug 2020 18:42:03 GMT">
  <testcase classname="TestCompra.TestCompra" name="teste" time="0.001"/>
</testsuite> <!-- TestCompra.TestCompra -->
